#
# A fatal error has been detected by the Java Runtime Environment:
#
#  EXCEPTION_ACCESS_VIOLATION (0xc0000005) at pc=0x0000020616b711ac, pid=25492, tid=24644
#
# JRE version: Java(TM) SE Runtime Environment (18.0.2.1+1) (build 18.0.2.1+1-1)
# Java VM: Java HotSpot(TM) 64-Bit Server VM (18.0.2.1+1-1, mixed mode, sharing, tiered, compressed oops, compressed class ptrs, g1 gc, windows-amd64)
# Problematic frame:
# v  ~BufferBlob::MethodHandles adapters
#
# No core dump will be written. Minidumps are not enabled by default on client versions of Windows
#
# If you would like to submit a bug report, please visit:
#   https://bugreport.java.com/bugreport/crash.jsp
#

---------------  S U M M A R Y ------------

Command Line: -XX:+ShowCodeDetailsInExceptionMessages -agentlib:jdwp=transport=dt_socket,suspend=y,address=localhost:56997 -javaagent:C:\Users\Admin\eclipse\jee-2022-09\eclipse\configuration\org.eclipse.osgi\421\0\.cp\lib\javaagent-shaded.jar -Dfile.encoding=UTF-8 com.example.kltn.SpringAPILambdaBuy.SpringApiLambdaBuyApplication

Host: 11th Gen Intel(R) Core(TM) i5-1135G7 @ 2.40GHz, 8 cores, 7G,  Windows 11 , 64 bit Build 22000 (10.0.22000.708)
Time: Sat Nov  5 01:00:11 2022 SE Asia Standard Time elapsed time: 181.852188 seconds (0d 0h 3m 1s)

---------------  T H R E A D  ---------------

Current thread (0x0000020637b8df40):  JavaThread "restartedMain" [_thread_in_Java, id=24644, stack(0x0000004150200000,0x0000004150300000)]

Stack: [0x0000004150200000,0x0000004150300000],  sp=0x00000041502fd938,  free space=1014k
Native frames: (J=compiled Java code, j=interpreted, Vv=VM code, C=native code)
C  0x0000020616b711ac


siginfo: EXCEPTION_ACCESS_VIOLATION (0xc0000005), reading address 0xffffffffffffffff


Register to memory mapping:

RIP=0x0000020616b711ac is at begin+68 in a stub
MethodHandle::interpreter_entry::_linkToSpecial [0x0000020616b71168, 0x0000020616b711b7] (79 bytes)
RAX=0x0000020616b39efa is at code_begin+3482 in an Interpreter codelet
return entry points  [0x0000020616b39160, 0x0000020616b3b380]  8736 bytes
RBX=0x89ea895800000000 is an unknown value
RCX=0x00000041502fd940 is pointing into the stack for thread: 0x0000020637b8df40
RDX=0x0000000000000002 is an unknown value
RSP=0x00000041502fd938 is pointing into the stack for thread: 0x0000020637b8df40
RBP=0x00000041502fd988 is pointing into the stack for thread: 0x0000020637b8df40
RSI=0x000002063a43a8a8 points into unknown readable memory: 0x80000e002884d51c | 1c d5 84 28 00 0e 00 80
RDI=0x0000020637c8c4d0 points into unknown readable memory: 0x0000001800000070 | 70 00 00 00 18 00 00 00
R8 =0x0000000000000004 is an unknown value
R9 =0x0000000000000004 is an unknown value
R10=0x0000000800000000 is pointing into metadata
R11={method} {0x00000008000c8c50} 'newInvokeSpecial' '(Ljava/lang/Object;)Ljava/lang/Object;' in 'java/lang/invoke/DirectMethodHandle$Holder'
R12=0x0 is NULL
R13=0x00000041502fd938 is pointing into the stack for thread: 0x0000020637b8df40
R14=0x00000041502fd9a8 is pointing into the stack for thread: 0x0000020637b8df40
R15=0x0000020637b8df40 is a thread


Registers:
RAX=0x0000020616b39efa, RBX=0x89ea895800000000, RCX=0x00000041502fd940, RDX=0x0000000000000002
RSP=0x00000041502fd938, RBP=0x00000041502fd988, RSI=0x000002063a43a8a8, RDI=0x0000020637c8c4d0
R8 =0x0000000000000004, R9 =0x0000000000000004, R10=0x0000000800000000, R11=0x00000008000c8c48
R12=0x0000000000000000, R13=0x00000041502fd938, R14=0x00000041502fd9a8, R15=0x0000020637b8df40
RIP=0x0000020616b711ac, EFLAGS=0x0000000000010202

Top of Stack: (sp=0x00000041502fd938)
0x00000041502fd938:   0000020616b39efa 00000041502fd940
0x00000041502fd948:   00000008006df1ef 00000041502fd9a8
0x00000041502fd958:   00000008000c4a00 000002062e180c80
0x00000041502fd968:   0000000083be1380 00000008000c8c48
0x00000041502fd978:   00000041502fd938 00000041502fd9b0
0x00000041502fd988:   00000041502fdd48 00000206174a9fb6
0x00000041502fd998:   0000000089ea8860 0000000089ea8908
0x00000041502fd9a8:   0000000089ea88c0 00000000000001a0
0x00000041502fd9b8:   000002061e9221ff 00000041502fdd48
0x00000041502fd9c8:   0000020617a32294 0000000000000002
0x00000041502fd9d8:   0000020637b8df40 0000020635baaad0
0x00000041502fd9e8:   00007ffd4feadf75 00000041502fda70
0x00000041502fd9f8:   0000000089ea8638 0000000000000000
0x00000041502fda08:   00007ffd50046e5f 00000000502fda70
0x00000041502fda18:   0000020637b8df40 000000008416c830
0x00000041502fda28:   00007ffd4fa451b7 0000000089ea8638 

Instructions: (pc=0x0000020616b711ac)
0x0000020616b710ac:   8b 59 14 8b 5b 28 8b 5b 24 48 8b 5b 10 48 85 db
0x0000020616b710bc:   0f 84 10 00 00 00 41 80 bf 80 04 00 00 00 74 03
0x0000020616b710cc:   ff 63 38 ff 63 50 e9 29 16 00 00 66 0f 1f 84 00
0x0000020616b710dc:   00 00 00 00 48 8b 53 08 0f b7 52 2c 48 8b 0c d4
0x0000020616b710ec:   58 5b 50 44 8b 51 08 49 bb 00 00 00 00 08 00 00
0x0000020616b710fc:   00 4d 03 d3 4c 8b 5b 10 4b 8b 9c da b8 01 00 00
0x0000020616b7110c:   48 85 db 0f 84 10 00 00 00 41 80 bf 80 04 00 00
0x0000020616b7111c:   00 74 03 ff 63 38 ff 63 50 e9 d6 15 00 00 66 66
0x0000020616b7112c:   66 0f 1f 84 00 00 00 00 00 66 66 66 90 0f 1f 80
0x0000020616b7113c:   00 00 00 00 58 5b 50 8b 5b 24 48 8b 5b 10 48 85
0x0000020616b7114c:   db 0f 84 10 00 00 00 41 80 bf 80 04 00 00 00 74
0x0000020616b7115c:   03 ff 63 38 ff 63 50 e9 98 15 00 00 66 66 66 0f
0x0000020616b7116c:   1f 84 00 00 00 00 00 66 66 66 90 66 0f 1f 84 00
0x0000020616b7117c:   00 00 00 00 48 8b 53 08 0f b7 52 2c 48 8b 0c d4
0x0000020616b7118c:   58 5b 50 48 3b 01 8b 5b 24 48 8b 5b 10 48 85 db
0x0000020616b7119c:   0f 84 10 00 00 00 41 80 bf 80 04 00 00 00 74 03
0x0000020616b711ac:   ff 63 38 ff 63 50 e9 49 15 00 00 66 0f 1f 84 00
0x0000020616b711bc:   00 00 00 00 48 8b 53 08 0f b7 52 2c 48 8b 0c d4
0x0000020616b711cc:   58 5b 50 44 8b 51 08 49 bb 00 00 00 00 08 00 00
0x0000020616b711dc:   00 4d 03 d3 8b 43 18 48 8b 40 10 48 8b 5b 10 45
0x0000020616b711ec:   8b 9a a0 00 00 00 4f 8d 9c da b8 01 00 00 4d 8d
0x0000020616b711fc:   14 da 49 8b 1b 48 3b c3 74 15 48 85 db 0f 84 32
0x0000020616b7120c:   00 00 00 49 83 c3 10 49 8b 1b 48 3b c3 75 eb 45
0x0000020616b7121c:   8b 5b 08 4b 8b 1c 1a 48 85 db 0f 84 10 00 00 00
0x0000020616b7122c:   41 80 bf 80 04 00 00 00 74 03 ff 63 38 ff 63 50
0x0000020616b7123c:   e9 bf 14 00 00 e9 ba 11 00 00 f4 00 00 00 00 00
0x0000020616b7124c:   00 00 00 00 00 00 00 00 00 00 00 00 00 00 00 00
0x0000020616b7125c:   00 00 00 00 00 00 00 00 00 00 00 00 00 00 00 00
0x0000020616b7126c:   00 00 00 00 00 00 00 00 00 00 00 00 00 00 00 00
0x0000020616b7127c:   00 00 00 00 00 00 00 00 00 00 00 00 00 00 00 00
0x0000020616b7128c:   00 00 00 00 00 00 00 00 00 00 00 00 00 00 00 00
0x0000020616b7129c:   00 00 00 00 00 00 00 00 00 00 00 00 00 00 00 00 


Stack slot to memory mapping:
stack at sp + 0 slots: 0x0000020616b39efa is at code_begin+3482 in an Interpreter codelet
return entry points  [0x0000020616b39160, 0x0000020616b3b380]  8736 bytes
stack at sp + 1 slots: 0x00000041502fd940 is pointing into the stack for thread: 0x0000020637b8df40
stack at sp + 2 slots: 0x00000008006df1ef is pointing into metadata
stack at sp + 3 slots: 0x00000041502fd9a8 is pointing into the stack for thread: 0x0000020637b8df40
stack at sp + 4 slots: 0x00000008000c4a00 is pointing into metadata
stack at sp + 5 slots: 0x000002062e180c80 is pointing into metadata
stack at sp + 6 slots: 0x0000000083be1380 is an oop: java.lang.Class 
{0x0000000083be1380} - klass: 'java/lang/Class'
 - ---- fields (total size 14 words):
 - private volatile transient 'classRedefinedCount' 'I' @12  0
 - abstract internal 'klass' 'J' @16  34360542752 (c4620 8)
 - abstract internal 'array_klass' 'J' @24  0 (0 0)
 - abstract internal 'oop_size' 'I' @32  14 (e)
 - abstract internal 'static_oop_field_count' 'I' @36  0
 - private volatile transient 'cachedConstructor' 'Ljava/lang/reflect/Constructor;' @40  NULL (0)
 - private transient 'name' 'Ljava/lang/String;' @44  NULL (0)
 - private transient 'module' 'Ljava/lang/Module;' @48  a 'java/lang/Module'{0x0000000083bbfc08} (83bbfc08)
 - private final 'classLoader' 'Ljava/lang/ClassLoader;' @52  NULL (0)
 - private transient 'classData' 'Ljava/lang/Object;' @56  NULL (0)
 - private transient 'packageName' 'Ljava/lang/String;' @60  NULL (0)
 - private final 'componentType' 'Ljava/lang/Class;' @64  NULL (0)
 - private volatile transient 'reflectionData' 'Ljava/lang/ref/SoftReference;' @68  NULL (0)
 - private volatile transient 'genericInfo' 'Lsun/reflect/generics/repository/ClassRepository;' @72  NULL (0)
 - private volatile transient 'enumConstants' '[Ljava/lang/Object;' @76  NULL (0)
 - private volatile transient 'enumConstantDirectory' 'Ljava/util/Map;' @80  NULL (0)
 - private volatile transient 'annotationData' 'Ljava/lang/Class$AnnotationData;' @84  NULL (0)
 - private volatile transient 'annotationType' 'Lsun/reflect/annotation/AnnotationType;' @88  NULL (0)
 - transient 'classValueMap' 'Ljava/lang/ClassValue$ClassValueMap;' @92  NULL (0)
 - abstract internal 'protection_domain' 'Ljava/lang/Object;' @96  NULL (0)
 - abstract internal 'signers_name' 'Ljava/lang/Object;' @100  NULL (0)
 - abstract internal 'source_file' 'Ljava/lang/Object;' @104  NULL (0)
 - signature: Ljava/lang/invoke/DirectMethodHandle$Holder;
 - ---- static fields (0):
stack at sp + 7 slots: {method} {0x00000008000c8c50} 'newInvokeSpecial' '(Ljava/lang/Object;)Ljava/lang/Object;' in 'java/lang/invoke/DirectMethodHandle$Holder'

MethodHandle::interpreter_entry::_linkToSpecial [0x0000020616b71168, 0x0000020616b711b7] (79 bytes)
[MachCode]
  0x0000020616b71168: 6666 660f | 1f84 0000 | 0000 0066 | 6666 9066 | 0f1f 8400 | 0000 0000 | 488b 5308 | 0fb7 522c 
  0x0000020616b71188: 488b 0cd4 | 585b 5048 | 3b01 8b5b | 2448 8b5b | 1048 85db | 0f84 1000 | 0000 4180 | bf80 0400 
  0x0000020616b711a8: 0000 7403 | ff63 38ff | 6350 e949 | 
[/MachCode]

---------------  P R O C E S S  ---------------

Threads class SMR info:
_java_thread_list=0x000002063a7aa060, length=26, elements={
0x000002062d295890, 0x000002062d296230, 0x000002062d2b2870, 0x000002062d2b3120,
0x000002062d2b79f0, 0x000002062d2b82a0, 0x000002062d2b8e80, 0x000002062d2b9770,
0x000002062d2de050, 0x000002063158a1d0, 0x0000020631668e40, 0x00000206316cd430,
0x00000206316cbae0, 0x00000206321ec500, 0x000002063226ada0, 0x0000020637b94920,
0x0000020637b8edb0, 0x0000020637b8e8e0, 0x0000020635010470, 0x0000020637b8df40,
0x0000020635013710, 0x0000020637b8f280, 0x0000020637b8da70, 0x0000020637b91900,
0x0000020637b905c0, 0x0000020637b90a90
}

Java Threads: ( => current thread )
  0x000002062d295890 JavaThread "Reference Handler" daemon [_thread_blocked, id=8540, stack(0x0000004150a00000,0x0000004150b00000)]
  0x000002062d296230 JavaThread "Finalizer" daemon [_thread_blocked, id=26592, stack(0x0000004150b00000,0x0000004150c00000)]
  0x000002062d2b2870 JavaThread "Signal Dispatcher" daemon [_thread_blocked, id=27500, stack(0x0000004150c00000,0x0000004150d00000)]
  0x000002062d2b3120 JavaThread "Attach Listener" daemon [_thread_blocked, id=9636, stack(0x0000004150d00000,0x0000004150e00000)]
  0x000002062d2b79f0 JavaThread "Service Thread" daemon [_thread_blocked, id=26116, stack(0x0000004150e00000,0x0000004150f00000)]
  0x000002062d2b82a0 JavaThread "Monitor Deflation Thread" daemon [_thread_blocked, id=480, stack(0x0000004150f00000,0x0000004151000000)]
  0x000002062d2b8e80 JavaThread "C2 CompilerThread0" daemon [_thread_blocked, id=6352, stack(0x0000004151000000,0x0000004151100000)]
  0x000002062d2b9770 JavaThread "C1 CompilerThread0" daemon [_thread_blocked, id=20240, stack(0x0000004151100000,0x0000004151200000)]
  0x000002062d2de050 JavaThread "Sweeper thread" daemon [_thread_blocked, id=7808, stack(0x0000004151200000,0x0000004151300000)]
  0x000002063158a1d0 JavaThread "Common-Cleaner" daemon [_thread_blocked, id=14436, stack(0x0000004151300000,0x0000004151400000)]
  0x0000020631668e40 JavaThread "JDWP Transport Listener: dt_socket" daemon [_thread_blocked, id=5532, stack(0x0000004151400000,0x0000004151500000)]
  0x00000206316cd430 JavaThread "JDWP Event Helper Thread" daemon [_thread_blocked, id=13636, stack(0x0000004151500000,0x0000004151600000)]
  0x00000206316cbae0 JavaThread "JDWP Command Reader" daemon [_thread_in_native, id=1956, stack(0x0000004151600000,0x0000004151700000)]
  0x00000206321ec500 JavaThread "Notification Thread" daemon [_thread_blocked, id=12420, stack(0x0000004151800000,0x0000004151900000)]
  0x000002063226ada0 JavaThread "mysql-cj-abandoned-connection-cleanup" daemon [_thread_blocked, id=23936, stack(0x0000004152800000,0x0000004152900000)]
  0x0000020637b94920 JavaThread "Live Reload Server" daemon [_thread_in_native, id=24760, stack(0x0000004152e00000,0x0000004152f00000)]
  0x0000020637b8edb0 JavaThread "DestroyJavaVM" [_thread_blocked, id=25172, stack(0x0000004150300000,0x0000004150400000)]
  0x0000020637b8e8e0 JavaThread "Thread-5" [_thread_blocked, id=1560, stack(0x0000004150000000,0x0000004150100000)]
  0x0000020635010470 JavaThread "C2 CompilerThread1" daemon [_thread_blocked, id=5284, stack(0x0000004150100000,0x0000004150200000)]
=>0x0000020637b8df40 JavaThread "restartedMain" [_thread_in_Java, id=24644, stack(0x0000004150200000,0x0000004150300000)]
  0x0000020635013710 JavaThread "C2 CompilerThread2" daemon [_thread_blocked, id=20304, stack(0x0000004151700000,0x0000004151800000)]
  0x0000020637b8f280 JavaThread "Catalina-utility-1" [_thread_blocked, id=17144, stack(0x0000004151a00000,0x0000004151b00000)]
  0x0000020637b8da70 JavaThread "Catalina-utility-2" [_thread_blocked, id=3536, stack(0x0000004152200000,0x0000004152300000)]
  0x0000020637b91900 JavaThread "container-0" [_thread_blocked, id=15568, stack(0x0000004152300000,0x0000004152400000)]
  0x0000020637b905c0 JavaThread "HikariPool-2 housekeeper" daemon [_thread_blocked, id=14808, stack(0x0000004152500000,0x0000004152600000)]
  0x0000020637b90a90 JavaThread "HikariPool-2 connection adder" daemon [_thread_blocked, id=27028, stack(0x0000004152600000,0x0000004152700000)]

Other Threads:
  0x000002062d291020 VMThread "VM Thread" [stack: 0x0000004150900000,0x0000004150a00000] [id=7400] _threads_hazard_ptr=0x000002063a7aa060
  0x00000206321ec9c0 WatcherThread "VM Periodic Task Thread" [stack: 0x0000004151900000,0x0000004151a00000] [id=16604]
  0x000002060f263160 WorkerThread "GC Thread#0" [stack: 0x0000004150400000,0x0000004150500000] [id=6556]
  0x0000020632346ac0 WorkerThread "GC Thread#1" [stack: 0x0000004151b00000,0x0000004151c00000] [id=16652]
  0x000002063234a530 WorkerThread "GC Thread#2" [stack: 0x0000004151c00000,0x0000004151d00000] [id=17340]
  0x0000020631ce5680 WorkerThread "GC Thread#3" [stack: 0x0000004151d00000,0x0000004151e00000] [id=21152]
  0x00000206321cf540 WorkerThread "GC Thread#4" [stack: 0x0000004151e00000,0x0000004151f00000] [id=3232]
  0x00000206321cf7e0 WorkerThread "GC Thread#5" [stack: 0x0000004151f00000,0x0000004152000000] [id=18760]
  0x00000206321cfa80 WorkerThread "GC Thread#6" [stack: 0x0000004152000000,0x0000004152100000] [id=628]
  0x00000206321d0330 WorkerThread "GC Thread#7" [stack: 0x0000004152100000,0x0000004152200000] [id=22360]
  0x000002060f2741d0 ConcurrentGCThread "G1 Main Marker" [stack: 0x0000004150500000,0x0000004150600000] [id=19808]
  0x000002060f274ac0 WorkerThread "G1 Conc#0" [stack: 0x0000004150600000,0x0000004150700000] [id=18848]
  0x0000020633032350 WorkerThread "G1 Conc#1" [stack: 0x0000004152400000,0x0000004152500000] [id=18192]
  0x000002062d1480a0 ConcurrentGCThread "G1 Refine#0" [stack: 0x0000004150700000,0x0000004150800000] [id=22284]
  0x000002063658a190 ConcurrentGCThread "G1 Refine#1" [stack: 0x0000004153a00000,0x0000004153b00000] [id=21228]
  0x00000206365890b0 ConcurrentGCThread "G1 Refine#2" [stack: 0x0000004153b00000,0x0000004153c00000] [id=20664]
  0x000002063658c080 ConcurrentGCThread "G1 Refine#3" [stack: 0x0000004153c00000,0x0000004153d00000] [id=23072]
  0x000002062d149860 ConcurrentGCThread "G1 Service" [stack: 0x0000004150800000,0x0000004150900000] [id=976]

Threads with active compile tasks:

VM state: synchronizing (normal execution)

VM Mutex/Monitor currently owned by a thread:  ([mutex/lock_event])
[0x000002060f1fda40] Threads_lock - owner thread: 0x000002062d291020

Heap address: 0x0000000083600000, size: 1994 MB, Compressed Oops mode: 32-bit

CDS archive(s) mapped at: [0x0000000800000000-0x0000000800ba0000-0x0000000800ba0000), size 12189696, SharedBaseAddress: 0x0000000800000000, ArchiveRelocationMode: 0.
Compressed class space mapped at: 0x0000000800c00000-0x0000000840c00000, reserved size: 1073741824
Narrow klass base: 0x0000000800000000, Narrow klass shift: 0, Narrow klass range: 0x100000000

GC Precious Log:
 CardTable entry size: 512
 Card Set container configuration: InlinePtr #cards 5 size 8 Array Of Cards #cards 12 size 40 Howl #buckets 4 coarsen threshold 1843 Howl Bitmap #cards 512 size 80 coarsen threshold 460 Card regions per heap region 1 cards per card region 2048
 CPUs: 8 total, 8 available
 Memory: 7971M
 Large Page Support: Disabled
 NUMA Support: Disabled
 Compressed Oops: Enabled (32-bit)
 Heap Region Size: 1M
 Heap Min Capacity: 8M
 Heap Initial Capacity: 126M
 Heap Max Capacity: 1994M
 Pre-touch: Disabled
 Parallel Workers: 8
 Concurrent Workers: 2
 Concurrent Refinement Workers: 8
 Periodic GC: Disabled

Heap:
 garbage-first heap   total 112640K, used 44055K [0x0000000083600000, 0x0000000100000000)
  region size 1024K, 11 young (11264K), 4 survivors (4096K)
 Metaspace       used 72661K, committed 73216K, reserved 1114112K
  class space    used 9074K, committed 9344K, reserved 1048576K

Heap Regions: E=young(eden), S=young(survivor), O=old, HS=humongous(starts), HC=humongous(continues), CS=collection set, F=free, OA=open archive, CA=closed archive, TAMS=top-at-mark-start (previous, next)
|   0|0x0000000083600000, 0x0000000083700000, 0x0000000083700000|100%|HS|  |TAMS 0x0000000083700000, 0x0000000083600000| Untracked 
|   1|0x0000000083700000, 0x00000000837ffff0, 0x0000000083800000| 99%| O|  |TAMS 0x0000000083700000, 0x0000000083700000| Untracked 
|   2|0x0000000083800000, 0x0000000083900000, 0x0000000083900000|100%| O|  |TAMS 0x0000000083900000, 0x0000000083800000| Untracked 
|   3|0x0000000083900000, 0x0000000083a00000, 0x0000000083a00000|100%| O|  |TAMS 0x0000000083a00000, 0x0000000083900000| Untracked 
|   4|0x0000000083a00000, 0x0000000083b00000, 0x0000000083b00000|100%| O|  |TAMS 0x0000000083b00000, 0x0000000083a00000| Untracked 
|   5|0x0000000083b00000, 0x0000000083c00000, 0x0000000083c00000|100%| O|  |TAMS 0x0000000083c00000, 0x0000000083b00000| Untracked 
|   6|0x0000000083c00000, 0x0000000083d00000, 0x0000000083d00000|100%| O|  |TAMS 0x0000000083d00000, 0x0000000083c00000| Untracked 
|   7|0x0000000083d00000, 0x0000000083e00000, 0x0000000083e00000|100%| O|  |TAMS 0x0000000083d00000, 0x0000000083d00000| Untracked 
|   8|0x0000000083e00000, 0x0000000083efffe0, 0x0000000083f00000| 99%| O|  |TAMS 0x0000000083e00000, 0x0000000083e00000| Untracked 
|   9|0x0000000083f00000, 0x0000000083ffffc8, 0x0000000084000000| 99%| O|  |TAMS 0x0000000083f00000, 0x0000000083f00000| Untracked 
|  10|0x0000000084000000, 0x0000000084100000, 0x0000000084100000|100%| O|  |TAMS 0x0000000084000000, 0x0000000084000000| Untracked 
|  11|0x0000000084100000, 0x00000000841ffff8, 0x0000000084200000| 99%| O|  |TAMS 0x0000000084100000, 0x0000000084100000| Untracked 
|  12|0x0000000084200000, 0x00000000842fffc8, 0x0000000084300000| 99%| O|  |TAMS 0x0000000084200000, 0x0000000084200000| Untracked 
|  13|0x0000000084300000, 0x00000000843fffd8, 0x0000000084400000| 99%| O|  |TAMS 0x0000000084300000, 0x0000000084300000| Untracked 
|  14|0x0000000084400000, 0x00000000844fffd8, 0x0000000084500000| 99%| O|  |TAMS 0x0000000084400000, 0x0000000084400000| Untracked 
|  15|0x0000000084500000, 0x00000000845fffe8, 0x0000000084600000| 99%| O|  |TAMS 0x0000000084500000, 0x0000000084500000| Untracked 
|  16|0x0000000084600000, 0x0000000084700000, 0x0000000084700000|100%| O|  |TAMS 0x0000000084600000, 0x0000000084600000| Untracked 
|  17|0x0000000084700000, 0x0000000084800000, 0x0000000084800000|100%| O|  |TAMS 0x0000000084800000, 0x0000000084700000| Untracked 
|  18|0x0000000084800000, 0x00000000848fefe8, 0x0000000084900000| 99%| O|  |TAMS 0x0000000084800000, 0x0000000084800000| Untracked 
|  19|0x0000000084900000, 0x00000000849fffb0, 0x0000000084a00000| 99%| O|  |TAMS 0x0000000084900000, 0x0000000084900000| Untracked 
|  20|0x0000000084a00000, 0x0000000084afffc8, 0x0000000084b00000| 99%| O|  |TAMS 0x0000000084a00000, 0x0000000084a00000| Untracked 
|  21|0x0000000084b00000, 0x0000000084bffff0, 0x0000000084c00000| 99%| O|  |TAMS 0x0000000084b00000, 0x0000000084b00000| Untracked 
|  22|0x0000000084c00000, 0x0000000084ceacb8, 0x0000000084d00000| 91%| O|  |TAMS 0x0000000084c00000, 0x0000000084c00000| Untracked 
|  23|0x0000000084d00000, 0x0000000084e00000, 0x0000000084e00000|100%| O|  |TAMS 0x0000000084e00000, 0x0000000084d00000| Untracked 
|  24|0x0000000084e00000, 0x0000000084effff0, 0x0000000084f00000| 99%| O|  |TAMS 0x0000000084e00000, 0x0000000084e00000| Untracked 
|  25|0x0000000084f00000, 0x0000000085000000, 0x0000000085000000|100%| O|  |TAMS 0x0000000084f00000, 0x0000000084f00000| Untracked 
|  26|0x0000000085000000, 0x00000000850ffff0, 0x0000000085100000| 99%| O|  |TAMS 0x0000000085000000, 0x0000000085000000| Untracked 
|  27|0x0000000085100000, 0x00000000851566c8, 0x0000000085200000| 33%| O|  |TAMS 0x0000000085100000, 0x0000000085100000| Untracked 
|  28|0x0000000085200000, 0x000000008527baa0, 0x0000000085300000| 48%| O|  |TAMS 0x0000000085200000, 0x0000000085200000| Untracked 
|  29|0x0000000085300000, 0x00000000853c1c48, 0x0000000085400000| 75%| O|  |TAMS 0x0000000085300000, 0x0000000085300000| Untracked 
|  30|0x0000000085400000, 0x0000000085500000, 0x0000000085500000|100%| O|  |TAMS 0x0000000085400000, 0x0000000085400000| Untracked 
|  31|0x0000000085500000, 0x0000000085600000, 0x0000000085600000|100%| O|  |TAMS 0x0000000085500000, 0x0000000085500000| Untracked 
|  32|0x0000000085600000, 0x0000000085700000, 0x0000000085700000|100%| O|  |TAMS 0x0000000085600000, 0x0000000085600000| Untracked 
|  33|0x0000000085700000, 0x00000000857cae00, 0x0000000085800000| 79%| O|  |TAMS 0x0000000085700000, 0x0000000085700000| Untracked 
|  34|0x0000000085800000, 0x0000000085816c50, 0x0000000085900000|  8%| O|  |TAMS 0x0000000085800000, 0x0000000085800000| Untracked 
|  35|0x0000000085900000, 0x00000000859dace8, 0x0000000085a00000| 85%| O|  |TAMS 0x0000000085900000, 0x0000000085900000| Untracked 
|  36|0x0000000085a00000, 0x0000000085a00000, 0x0000000085b00000|  0%| F|  |TAMS 0x0000000085a00000, 0x0000000085a00000| Untracked 
|  37|0x0000000085b00000, 0x0000000085b00000, 0x0000000085c00000|  0%| F|  |TAMS 0x0000000085b00000, 0x0000000085b00000| Untracked 
|  38|0x0000000085c00000, 0x0000000085c00000, 0x0000000085d00000|  0%| F|  |TAMS 0x0000000085c00000, 0x0000000085c00000| Untracked 
|  39|0x0000000085d00000, 0x0000000085d00000, 0x0000000085e00000|  0%| F|  |TAMS 0x0000000085d00000, 0x0000000085d00000| Untracked 
|  40|0x0000000085e00000, 0x0000000085e00000, 0x0000000085f00000|  0%| F|  |TAMS 0x0000000085e00000, 0x0000000085e00000| Untracked 
|  41|0x0000000085f00000, 0x0000000085f00000, 0x0000000086000000|  0%| F|  |TAMS 0x0000000085f00000, 0x0000000085f00000| Untracked 
|  42|0x0000000086000000, 0x0000000086000000, 0x0000000086100000|  0%| F|  |TAMS 0x0000000086000000, 0x0000000086000000| Untracked 
|  43|0x0000000086100000, 0x0000000086100000, 0x0000000086200000|  0%| F|  |TAMS 0x0000000086100000, 0x0000000086100000| Untracked 
|  44|0x0000000086200000, 0x0000000086200000, 0x0000000086300000|  0%| F|  |TAMS 0x0000000086200000, 0x0000000086200000| Untracked 
|  45|0x0000000086300000, 0x0000000086300000, 0x0000000086400000|  0%| F|  |TAMS 0x0000000086300000, 0x0000000086300000| Untracked 
|  46|0x0000000086400000, 0x0000000086400000, 0x0000000086500000|  0%| F|  |TAMS 0x0000000086400000, 0x0000000086400000| Untracked 
|  47|0x0000000086500000, 0x0000000086500000, 0x0000000086600000|  0%| F|  |TAMS 0x0000000086500000, 0x0000000086500000| Untracked 
|  48|0x0000000086600000, 0x0000000086600000, 0x0000000086700000|  0%| F|  |TAMS 0x0000000086600000, 0x0000000086600000| Untracked 
|  49|0x0000000086700000, 0x0000000086700000, 0x0000000086800000|  0%| F|  |TAMS 0x0000000086700000, 0x0000000086700000| Untracked 
|  50|0x0000000086800000, 0x0000000086800000, 0x0000000086900000|  0%| F|  |TAMS 0x0000000086800000, 0x0000000086800000| Untracked 
|  51|0x0000000086900000, 0x0000000086900000, 0x0000000086a00000|  0%| F|  |TAMS 0x0000000086900000, 0x0000000086900000| Untracked 
|  52|0x0000000086a00000, 0x0000000086a00000, 0x0000000086b00000|  0%| F|  |TAMS 0x0000000086a00000, 0x0000000086a00000| Untracked 
|  53|0x0000000086b00000, 0x0000000086b00000, 0x0000000086c00000|  0%| F|  |TAMS 0x0000000086b00000, 0x0000000086b00000| Untracked 
|  54|0x0000000086c00000, 0x0000000086c00000, 0x0000000086d00000|  0%| F|  |TAMS 0x0000000086c00000, 0x0000000086c00000| Untracked 
|  55|0x0000000086d00000, 0x0000000086d00000, 0x0000000086e00000|  0%| F|  |TAMS 0x0000000086d00000, 0x0000000086d00000| Untracked 
|  56|0x0000000086e00000, 0x0000000086e00000, 0x0000000086f00000|  0%| F|  |TAMS 0x0000000086e00000, 0x0000000086e00000| Untracked 
|  57|0x0000000086f00000, 0x0000000086f00000, 0x0000000087000000|  0%| F|  |TAMS 0x0000000086f00000, 0x0000000086f00000| Untracked 
|  58|0x0000000087000000, 0x00000000870cbec0, 0x0000000087100000| 79%| S|CS|TAMS 0x0000000087000000, 0x0000000087000000| Complete 
|  59|0x0000000087100000, 0x0000000087100000, 0x0000000087200000|  0%| F|  |TAMS 0x0000000087100000, 0x0000000087100000| Untracked 
|  60|0x0000000087200000, 0x0000000087200000, 0x0000000087300000|  0%| F|  |TAMS 0x0000000087200000, 0x0000000087200000| Untracked 
|  61|0x0000000087300000, 0x0000000087300000, 0x0000000087400000|  0%| F|  |TAMS 0x0000000087300000, 0x0000000087300000| Untracked 
|  62|0x0000000087400000, 0x0000000087400000, 0x0000000087500000|  0%| F|  |TAMS 0x0000000087400000, 0x0000000087400000| Untracked 
|  63|0x0000000087500000, 0x0000000087500000, 0x0000000087600000|  0%| F|  |TAMS 0x0000000087500000, 0x0000000087500000| Untracked 
|  64|0x0000000087600000, 0x0000000087700000, 0x0000000087700000|100%| S|CS|TAMS 0x0000000087600000, 0x0000000087600000| Complete 
|  65|0x0000000087700000, 0x0000000087800000, 0x0000000087800000|100%| S|CS|TAMS 0x0000000087700000, 0x0000000087700000| Complete 
|  66|0x0000000087800000, 0x0000000087900000, 0x0000000087900000|100%| S|CS|TAMS 0x0000000087800000, 0x0000000087800000| Complete 
|  67|0x0000000087900000, 0x0000000087900000, 0x0000000087a00000|  0%| F|  |TAMS 0x0000000087900000, 0x0000000087900000| Untracked 
|  68|0x0000000087a00000, 0x0000000087a00000, 0x0000000087b00000|  0%| F|  |TAMS 0x0000000087a00000, 0x0000000087a00000| Untracked 
|  69|0x0000000087b00000, 0x0000000087b00000, 0x0000000087c00000|  0%| F|  |TAMS 0x0000000087b00000, 0x0000000087b00000| Untracked 
|  70|0x0000000087c00000, 0x0000000087c00000, 0x0000000087d00000|  0%| F|  |TAMS 0x0000000087c00000, 0x0000000087c00000| Untracked 
|  71|0x0000000087d00000, 0x0000000087d00000, 0x0000000087e00000|  0%| F|  |TAMS 0x0000000087d00000, 0x0000000087d00000| Untracked 
|  72|0x0000000087e00000, 0x0000000087e00000, 0x0000000087f00000|  0%| F|  |TAMS 0x0000000087e00000, 0x0000000087e00000| Untracked 
|  73|0x0000000087f00000, 0x0000000087f00000, 0x0000000088000000|  0%| F|  |TAMS 0x0000000087f00000, 0x0000000087f00000| Untracked 
|  74|0x0000000088000000, 0x0000000088000000, 0x0000000088100000|  0%| F|  |TAMS 0x0000000088000000, 0x0000000088000000| Untracked 
|  75|0x0000000088100000, 0x0000000088100000, 0x0000000088200000|  0%| F|  |TAMS 0x0000000088100000, 0x0000000088100000| Untracked 
|  76|0x0000000088200000, 0x0000000088200000, 0x0000000088300000|  0%| F|  |TAMS 0x0000000088200000, 0x0000000088200000| Untracked 
|  77|0x0000000088300000, 0x0000000088300000, 0x0000000088400000|  0%| F|  |TAMS 0x0000000088300000, 0x0000000088300000| Untracked 
|  78|0x0000000088400000, 0x0000000088400000, 0x0000000088500000|  0%| F|  |TAMS 0x0000000088400000, 0x0000000088400000| Untracked 
|  79|0x0000000088500000, 0x0000000088500000, 0x0000000088600000|  0%| F|  |TAMS 0x0000000088500000, 0x0000000088500000| Untracked 
|  80|0x0000000088600000, 0x0000000088600000, 0x0000000088700000|  0%| F|  |TAMS 0x0000000088600000, 0x0000000088600000| Untracked 
|  81|0x0000000088700000, 0x0000000088700000, 0x0000000088800000|  0%| F|  |TAMS 0x0000000088700000, 0x0000000088700000| Untracked 
|  82|0x0000000088800000, 0x0000000088800000, 0x0000000088900000|  0%| F|  |TAMS 0x0000000088800000, 0x0000000088800000| Untracked 
|  83|0x0000000088900000, 0x0000000088900000, 0x0000000088a00000|  0%| F|  |TAMS 0x0000000088900000, 0x0000000088900000| Untracked 
|  84|0x0000000088a00000, 0x0000000088a00000, 0x0000000088b00000|  0%| F|  |TAMS 0x0000000088a00000, 0x0000000088a00000| Untracked 
|  85|0x0000000088b00000, 0x0000000088b00000, 0x0000000088c00000|  0%| F|  |TAMS 0x0000000088b00000, 0x0000000088b00000| Untracked 
|  86|0x0000000088c00000, 0x0000000088c00000, 0x0000000088d00000|  0%| F|  |TAMS 0x0000000088c00000, 0x0000000088c00000| Untracked 
|  87|0x0000000088d00000, 0x0000000088d00000, 0x0000000088e00000|  0%| F|  |TAMS 0x0000000088d00000, 0x0000000088d00000| Untracked 
|  88|0x0000000088e00000, 0x0000000088e00000, 0x0000000088f00000|  0%| F|  |TAMS 0x0000000088e00000, 0x0000000088e00000| Untracked 
|  89|0x0000000088f00000, 0x0000000088f00000, 0x0000000089000000|  0%| F|  |TAMS 0x0000000088f00000, 0x0000000088f00000| Untracked 
|  90|0x0000000089000000, 0x0000000089000000, 0x0000000089100000|  0%| F|  |TAMS 0x0000000089000000, 0x0000000089000000| Untracked 
|  91|0x0000000089100000, 0x0000000089100000, 0x0000000089200000|  0%| F|  |TAMS 0x0000000089100000, 0x0000000089100000| Untracked 
|  92|0x0000000089200000, 0x0000000089200000, 0x0000000089300000|  0%| F|  |TAMS 0x0000000089200000, 0x0000000089200000| Untracked 
|  93|0x0000000089300000, 0x0000000089300000, 0x0000000089400000|  0%| F|  |TAMS 0x0000000089300000, 0x0000000089300000| Untracked 
|  94|0x0000000089400000, 0x0000000089400000, 0x0000000089500000|  0%| F|  |TAMS 0x0000000089400000, 0x0000000089400000| Untracked 
|  95|0x0000000089500000, 0x0000000089500000, 0x0000000089600000|  0%| F|  |TAMS 0x0000000089500000, 0x0000000089500000| Untracked 
|  96|0x0000000089600000, 0x0000000089600000, 0x0000000089700000|  0%| F|  |TAMS 0x0000000089600000, 0x0000000089600000| Untracked 
|  97|0x0000000089700000, 0x0000000089700000, 0x0000000089800000|  0%| F|  |TAMS 0x0000000089700000, 0x0000000089700000| Untracked 
|  98|0x0000000089800000, 0x0000000089800000, 0x0000000089900000|  0%| F|  |TAMS 0x0000000089800000, 0x0000000089800000| Untracked 
|  99|0x0000000089900000, 0x0000000089900000, 0x0000000089a00000|  0%| F|  |TAMS 0x0000000089900000, 0x0000000089900000| Untracked 
| 100|0x0000000089a00000, 0x0000000089a00000, 0x0000000089b00000|  0%| F|  |TAMS 0x0000000089a00000, 0x0000000089a00000| Untracked 
| 101|0x0000000089b00000, 0x0000000089b00000, 0x0000000089c00000|  0%| F|  |TAMS 0x0000000089b00000, 0x0000000089b00000| Untracked 
| 102|0x0000000089c00000, 0x0000000089c00000, 0x0000000089d00000|  0%| F|  |TAMS 0x0000000089c00000, 0x0000000089c00000| Untracked 
| 103|0x0000000089d00000, 0x0000000089d4a5b8, 0x0000000089e00000| 29%| E|  |TAMS 0x0000000089d00000, 0x0000000089d00000| Complete 
| 104|0x0000000089e00000, 0x0000000089f00000, 0x0000000089f00000|100%| E|CS|TAMS 0x0000000089e00000, 0x0000000089e00000| Complete 
| 105|0x0000000089f00000, 0x000000008a000000, 0x000000008a000000|100%| E|CS|TAMS 0x0000000089f00000, 0x0000000089f00000| Complete 
| 106|0x000000008a000000, 0x000000008a100000, 0x000000008a100000|100%| E|CS|TAMS 0x000000008a000000, 0x000000008a000000| Complete 
| 107|0x000000008a100000, 0x000000008a200000, 0x000000008a200000|100%| E|CS|TAMS 0x000000008a100000, 0x000000008a100000| Complete 
| 108|0x000000008a200000, 0x000000008a300000, 0x000000008a300000|100%| E|CS|TAMS 0x000000008a200000, 0x000000008a200000| Complete 
| 109|0x000000008a300000, 0x000000008a400000, 0x000000008a400000|100%| E|CS|TAMS 0x000000008a300000, 0x000000008a300000| Complete 

Card table byte_map: [0x0000020626250000,0x0000020626640000] _byte_map_base: 0x0000020625e35000

Marking Bits (Prev, Next): (CMBitMap*) 0x000002060f263660, (CMBitMap*) 0x000002060f2636a0
 Prev Bits: [0x0000020626a30000, 0x0000020628958000)
 Next Bits: [0x0000020628960000, 0x000002062a888000)

Polling page: 0x000002060d390000

Metaspace:

Usage:
  Non-class:     62.10 MB used.
      Class:      8.86 MB used.
       Both:     70.96 MB used.

Virtual space:
  Non-class space:       64.00 MB reserved,      62.38 MB ( 97%) committed,  1 nodes.
      Class space:        1.00 GB reserved,       9.12 MB ( <1%) committed,  1 nodes.
             Both:        1.06 GB reserved,      71.50 MB (  7%) committed. 

Chunk freelists:
   Non-Class:  1.44 MB
       Class:  2.82 MB
        Both:  4.26 MB

MaxMetaspaceSize: unlimited
CompressedClassSpaceSize: 1.00 GB
Initial GC threshold: 21.00 MB
Current GC threshold: 116.19 MB
CDS: on
MetaspaceReclaimPolicy: balanced
 - commit_granule_bytes: 65536.
 - commit_granule_words: 8192.
 - virtual_space_node_default_size: 8388608.
 - enlarge_chunks_in_place: 1.
 - new_chunks_are_fully_committed: 0.
 - uncommit_free_chunks: 1.
 - use_allocation_guard: 0.


Internal statistics:

num_allocs_failed_limit: 9.
num_arena_births: 844.
num_arena_deaths: 14.
num_vsnodes_births: 2.
num_vsnodes_deaths: 0.
num_space_committed: 1144.
num_space_uncommitted: 0.
num_chunks_returned_to_freelist: 30.
num_chunks_taken_from_freelist: 3444.
num_chunk_merges: 9.
num_chunk_splits: 2399.
num_chunks_enlarged: 1910.
num_inconsistent_stats: 0.

CodeHeap 'non-profiled nmethods': size=120000Kb used=6414Kb max_used=6414Kb free=113585Kb
 bounds [0x000002061e600000, 0x000002061ec50000, 0x0000020625b30000]
CodeHeap 'profiled nmethods': size=120000Kb used=19244Kb max_used=19244Kb free=100755Kb
 bounds [0x00000206170d0000, 0x00000206183a0000, 0x000002061e600000]
CodeHeap 'non-nmethods': size=5760Kb used=1465Kb max_used=1557Kb free=4294Kb
 bounds [0x0000020616b30000, 0x0000020616da0000, 0x00000206170d0000]
 total_blobs=9475 nmethods=8769 adapters=617
 compilation: enabled
              stopped_count=0, restarted_count=0
 full_count=0

Compilation events (20 events):
Event: 181.258 Thread 0x000002062d2b9770 nmethod 10183 0x0000020618399690 code [0x00000206183998a0, 0x000002061839a088]
Event: 181.258 Thread 0x000002062d2b9770 10184       3       org.springframework.aop.framework.AdvisedSupport::adviceChanged (10 bytes)
Event: 181.258 Thread 0x000002062d2b9770 nmethod 10184 0x000002061839a410 code [0x000002061839a5c0, 0x000002061839a7a8]
Event: 181.258 Thread 0x000002062d2b9770 10185       3       org.springframework.data.util.ClassTypeInformation::from (24 bytes)
Event: 181.258 Thread 0x000002062d2b9770 nmethod 10185 0x000002061839a890 code [0x000002061839aa80, 0x000002061839afd8]
Event: 181.259 Thread 0x000002062d2b8e80 10186       4       java.lang.invoke.LambdaForm$DMH/0x0000000800d30400::invokeInterface (25 bytes)
Event: 181.260 Thread 0x0000020635013710 10188       4       jdk.internal.org.objectweb.asm.Frame::push (59 bytes)
Event: 181.260 Thread 0x000002062d2b8e80 nmethod 10186 0x000002061ec33c10 code [0x000002061ec33da0, 0x000002061ec33f28]
Event: 181.260 Thread 0x000002062d2b8e80 10187       4       java.lang.reflect.ProxyGenerator$ProxyMethod::emitIconstInsn (75 bytes)
Event: 181.275 Thread 0x000002062d2b8e80 nmethod 10187 0x000002061ec34110 code [0x000002061ec342e0, 0x000002061ec34df8]
Event: 181.275 Thread 0x000002062d2b8e80 10191       4       jdk.internal.org.objectweb.asm.Handler::putExceptionTable (63 bytes)
Event: 181.278 Thread 0x0000020635013710 nmethod 10188 0x000002061ec35490 code [0x000002061ec356a0, 0x000002061ec36500]
Event: 181.278 Thread 0x0000020635013710 10190       4       jdk.internal.org.objectweb.asm.MethodWriter::putMethodInfo (1274 bytes)
Event: 181.283 Thread 0x000002062d2b8e80 nmethod 10191 0x000002061ec36e10 code [0x000002061ec36fa0, 0x000002061ec37358]
Event: 181.283 Thread 0x000002062d2b8e80 10189       4       jdk.internal.org.objectweb.asm.MethodWriter::computeMethodInfoSize (571 bytes)
Event: 181.289 Thread 0x000002062d2b8e80 nmethod 10189 0x000002061ec37690 code [0x000002061ec37880, 0x000002061ec37e60]
Event: 181.289 Thread 0x000002062d2b8e80 10192       4       java.util.HashMap$EntrySet::iterator (12 bytes)
Event: 181.295 Thread 0x000002062d2b8e80 nmethod 10192 0x000002061ec38410 code [0x000002061ec385a0, 0x000002061ec38898]
Event: 181.330 Thread 0x0000020635013710 nmethod 10190 0x000002061ec38a90 code [0x000002061ec38dc0, 0x000002061ec3b238]
Event: 181.396 Thread 0x0000020635010470 nmethod 10175 0x000002061ec3cc10 code [0x000002061ec3cfe0, 0x000002061ec40b58]

GC Heap History (20 events):
Event: 6.948 GC heap before
{Heap before GC invocations=26 (full 0):
 garbage-first heap   total 92160K, used 71685K [0x0000000083600000, 0x0000000100000000)
  region size 1024K, 32 young (32768K), 6 survivors (6144K)
 Metaspace       used 65342K, committed 65856K, reserved 1114112K
  class space    used 8314K, committed 8576K, reserved 1048576K
}
Event: 6.954 GC heap after
{Heap after GC invocations=27 (full 0):
 garbage-first heap   total 110592K, used 50850K [0x0000000083600000, 0x0000000100000000)
  region size 1024K, 4 young (4096K), 4 survivors (4096K)
 Metaspace       used 65342K, committed 65856K, reserved 1114112K
  class space    used 8314K, committed 8576K, reserved 1048576K
}
Event: 7.087 GC heap before
{Heap before GC invocations=27 (full 0):
 garbage-first heap   total 110592K, used 82594K [0x0000000083600000, 0x0000000100000000)
  region size 1024K, 34 young (34816K), 4 survivors (4096K)
 Metaspace       used 65429K, committed 65984K, reserved 1114112K
  class space    used 8318K, committed 8640K, reserved 1048576K
}
Event: 7.094 GC heap after
{Heap after GC invocations=28 (full 0):
 garbage-first heap   total 110592K, used 60356K [0x0000000083600000, 0x0000000100000000)
  region size 1024K, 5 young (5120K), 5 survivors (5120K)
 Metaspace       used 65429K, committed 65984K, reserved 1114112K
  class space    used 8318K, committed 8640K, reserved 1048576K
}
Event: 7.152 GC heap before
{Heap before GC invocations=28 (full 0):
 garbage-first heap   total 110592K, used 80836K [0x0000000083600000, 0x0000000100000000)
  region size 1024K, 27 young (27648K), 5 survivors (5120K)
 Metaspace       used 65436K, committed 66048K, reserved 1114112K
  class space    used 8318K, committed 8640K, reserved 1048576K
}
Event: 7.156 GC heap after
{Heap after GC invocations=29 (full 0):
 garbage-first heap   total 110592K, used 65978K [0x0000000083600000, 0x0000000100000000)
  region size 1024K, 4 young (4096K), 4 survivors (4096K)
 Metaspace       used 65436K, committed 66048K, reserved 1114112K
  class space    used 8318K, committed 8640K, reserved 1048576K
}
Event: 7.413 GC heap before
{Heap before GC invocations=30 (full 0):
 garbage-first heap   total 121856K, used 82362K [0x0000000083600000, 0x0000000100000000)
  region size 1024K, 23 young (23552K), 4 survivors (4096K)
 Metaspace       used 66298K, committed 66816K, reserved 1114112K
  class space    used 8420K, committed 8704K, reserved 1048576K
}
Event: 7.418 GC heap after
{Heap after GC invocations=31 (full 0):
 garbage-first heap   total 121856K, used 66391K [0x0000000083600000, 0x0000000100000000)
  region size 1024K, 3 young (3072K), 3 survivors (3072K)
 Metaspace       used 66298K, committed 66816K, reserved 1114112K
  class space    used 8420K, committed 8704K, reserved 1048576K
}
Event: 7.462 GC heap before
{Heap before GC invocations=31 (full 0):
 garbage-first heap   total 121856K, used 68439K [0x0000000083600000, 0x0000000100000000)
  region size 1024K, 5 young (5120K), 3 survivors (3072K)
 Metaspace       used 66439K, committed 67072K, reserved 1114112K
  class space    used 8437K, committed 8768K, reserved 1048576K
}
Event: 7.465 GC heap after
{Heap after GC invocations=32 (full 0):
 garbage-first heap   total 121856K, used 59505K [0x0000000083600000, 0x0000000100000000)
  region size 1024K, 1 young (1024K), 1 survivors (1024K)
 Metaspace       used 66439K, committed 67072K, reserved 1114112K
  class space    used 8437K, committed 8768K, reserved 1048576K
}
Event: 14.196 GC heap before
{Heap before GC invocations=32 (full 0):
 garbage-first heap   total 121856K, used 88177K [0x0000000083600000, 0x0000000100000000)
  region size 1024K, 30 young (30720K), 1 survivors (1024K)
 Metaspace       used 69653K, committed 70208K, reserved 1114112K
  class space    used 8826K, committed 9088K, reserved 1048576K
}
Event: 14.200 GC heap after
{Heap after GC invocations=33 (full 0):
 garbage-first heap   total 174080K, used 60121K [0x0000000083600000, 0x0000000100000000)
  region size 1024K, 2 young (2048K), 2 survivors (2048K)
 Metaspace       used 69653K, committed 70208K, reserved 1114112K
  class space    used 8826K, committed 9088K, reserved 1048576K
}
Event: 179.859 GC heap before
{Heap before GC invocations=34 (full 0):
 garbage-first heap   total 174080K, used 91865K [0x0000000083600000, 0x0000000100000000)
  region size 1024K, 40 young (40960K), 2 survivors (2048K)
 Metaspace       used 70796K, committed 71360K, reserved 1114112K
  class space    used 8986K, committed 9280K, reserved 1048576K
}
Event: 179.896 GC heap after
{Heap after GC invocations=35 (full 1):
 garbage-first heap   total 112640K, used 31164K [0x0000000083600000, 0x0000000100000000)
  region size 1024K, 0 young (0K), 0 survivors (0K)
 Metaspace       used 70796K, committed 71360K, reserved 1114112K
  class space    used 8986K, committed 9280K, reserved 1048576K
}
Event: 180.516 GC heap before
{Heap before GC invocations=35 (full 1):
 garbage-first heap   total 112640K, used 74172K [0x0000000083600000, 0x0000000100000000)
  region size 1024K, 42 young (43008K), 0 survivors (0K)
 Metaspace       used 71321K, committed 71936K, reserved 1114112K
  class space    used 9022K, committed 9280K, reserved 1048576K
}
Event: 180.518 GC heap after
{Heap after GC invocations=36 (full 1):
 garbage-first heap   total 112640K, used 34172K [0x0000000083600000, 0x0000000100000000)
  region size 1024K, 3 young (3072K), 3 survivors (3072K)
 Metaspace       used 71321K, committed 71936K, reserved 1114112K
  class space    used 9022K, committed 9280K, reserved 1048576K
}
Event: 180.858 GC heap before
{Heap before GC invocations=36 (full 1):
 garbage-first heap   total 112640K, used 79228K [0x0000000083600000, 0x0000000100000000)
  region size 1024K, 46 young (47104K), 3 survivors (3072K)
 Metaspace       used 71893K, committed 72512K, reserved 1114112K
  class space    used 9037K, committed 9344K, reserved 1048576K
}
Event: 180.862 GC heap after
{Heap after GC invocations=37 (full 1):
 garbage-first heap   total 112640K, used 36045K [0x0000000083600000, 0x0000000100000000)
  region size 1024K, 5 young (5120K), 5 survivors (5120K)
 Metaspace       used 71893K, committed 72512K, reserved 1114112K
  class space    used 9037K, committed 9344K, reserved 1048576K
}
Event: 181.202 GC heap before
{Heap before GC invocations=37 (full 1):
 garbage-first heap   total 112640K, used 80077K [0x0000000083600000, 0x0000000100000000)
  region size 1024K, 48 young (49152K), 5 survivors (5120K)
 Metaspace       used 72537K, committed 73152K, reserved 1114112K
  class space    used 9067K, committed 9344K, reserved 1048576K
}
Event: 181.206 GC heap after
{Heap after GC invocations=38 (full 1):
 garbage-first heap   total 112640K, used 37911K [0x0000000083600000, 0x0000000100000000)
  region size 1024K, 4 young (4096K), 4 survivors (4096K)
 Metaspace       used 72537K, committed 73152K, reserved 1114112K
  class space    used 9067K, committed 9344K, reserved 1048576K
}

Deoptimization events (20 events):
Event: 181.195 Thread 0x0000020637b8df40 DEOPT PACKING pc=0x000002061834c6cc sp=0x00000041502fb400
Event: 181.195 Thread 0x0000020637b8df40 DEOPT UNPACKING pc=0x0000020616b86763 sp=0x00000041502faa58 mode 1
Event: 181.195 Thread 0x0000020637b8df40 DEOPT PACKING pc=0x000002061834c6cc sp=0x00000041502fb400
Event: 181.195 Thread 0x0000020637b8df40 DEOPT UNPACKING pc=0x0000020616b86763 sp=0x00000041502faa58 mode 1
Event: 181.198 Thread 0x0000020637b8df40 DEOPT PACKING pc=0x0000020617e47e31 sp=0x00000041502fb680
Event: 181.198 Thread 0x0000020637b8df40 DEOPT UNPACKING pc=0x0000020616b86763 sp=0x00000041502fab98 mode 0
Event: 181.220 Thread 0x0000020637b8df40 DEOPT PACKING pc=0x00000206180b44e4 sp=0x00000041502fc390
Event: 181.220 Thread 0x0000020637b8df40 DEOPT UNPACKING pc=0x0000020616b86763 sp=0x00000041502fbaa0 mode 1
Event: 181.230 Thread 0x0000020637b8df40 DEOPT PACKING pc=0x000002061834c6cc sp=0x00000041502fb420
Event: 181.230 Thread 0x0000020637b8df40 DEOPT UNPACKING pc=0x0000020616b86763 sp=0x00000041502faa78 mode 1
Event: 181.231 Thread 0x0000020637b8df40 DEOPT PACKING pc=0x000002061834c6cc sp=0x00000041502fb420
Event: 181.231 Thread 0x0000020637b8df40 DEOPT UNPACKING pc=0x0000020616b86763 sp=0x00000041502faa78 mode 1
Event: 181.231 Thread 0x0000020637b8df40 DEOPT PACKING pc=0x000002061834c6cc sp=0x00000041502fb420
Event: 181.231 Thread 0x0000020637b8df40 DEOPT UNPACKING pc=0x0000020616b86763 sp=0x00000041502faa78 mode 1
Event: 181.231 Thread 0x0000020637b8df40 DEOPT PACKING pc=0x000002061834c6cc sp=0x00000041502fb420
Event: 181.231 Thread 0x0000020637b8df40 DEOPT UNPACKING pc=0x0000020616b86763 sp=0x00000041502faa78 mode 1
Event: 181.259 Thread 0x0000020637b8df40 DEOPT PACKING pc=0x00000206176206ac sp=0x00000041502fb000
Event: 181.259 Thread 0x0000020637b8df40 DEOPT UNPACKING pc=0x0000020616b86763 sp=0x00000041502fa520 mode 1
Event: 181.747 Thread 0x0000020637b8df40 DEOPT PACKING pc=0x0000020617631024 sp=0x00000041502fd940
Event: 181.747 Thread 0x0000020637b8df40 DEOPT UNPACKING pc=0x0000020616b86763 sp=0x00000041502fcdf8 mode 0

Classes loaded (20 events):
Event: 181.015 Loading class java/lang/ObjectCustomizer
Event: 181.015 Loading class java/lang/ObjectCustomizer done
Event: 181.015 Loading class java/lang/ObjectCustomizer
Event: 181.015 Loading class java/lang/ObjectCustomizer done
Event: 181.020 Loading class java/lang/ObjectCustomizer
Event: 181.020 Loading class java/lang/ObjectCustomizer done
Event: 181.020 Loading class java/lang/ObjectCustomizer
Event: 181.020 Loading class java/lang/ObjectCustomizer done
Event: 181.024 Loading class java/lang/ObjectCustomizer
Event: 181.024 Loading class java/lang/ObjectCustomizer done
Event: 181.024 Loading class java/lang/ObjectCustomizer
Event: 181.024 Loading class java/lang/ObjectCustomizer done
Event: 181.027 Loading class java/lang/ObjectCustomizer
Event: 181.027 Loading class java/lang/ObjectCustomizer done
Event: 181.027 Loading class java/lang/ObjectCustomizer
Event: 181.027 Loading class java/lang/ObjectCustomizer done
Event: 181.107 Loading class java/lang/ObjectCustomizer
Event: 181.107 Loading class java/lang/ObjectCustomizer done
Event: 181.107 Loading class java/lang/ObjectCustomizer
Event: 181.107 Loading class java/lang/ObjectCustomizer done

Classes unloaded (7 events):
Event: 7.194 Thread 0x000002062d291020 Unloading class 0x00000008013b0800 'jdk/internal/reflect/GeneratedSerializationConstructorAccessor7'
Event: 7.194 Thread 0x000002062d291020 Unloading class 0x00000008013b0400 'jdk/internal/reflect/GeneratedSerializationConstructorAccessor6'
Event: 7.194 Thread 0x000002062d291020 Unloading class 0x00000008013b0000 'jdk/internal/reflect/GeneratedSerializationConstructorAccessor5'
Event: 7.194 Thread 0x000002062d291020 Unloading class 0x00000008013adc00 'jdk/internal/reflect/GeneratedSerializationConstructorAccessor4'
Event: 7.194 Thread 0x000002062d291020 Unloading class 0x00000008013ad800 'jdk/internal/reflect/GeneratedSerializationConstructorAccessor3'
Event: 7.194 Thread 0x000002062d291020 Unloading class 0x00000008013ad400 'jdk/internal/reflect/GeneratedSerializationConstructorAccessor2'
Event: 7.194 Thread 0x000002062d291020 Unloading class 0x00000008013ac800 'jdk/internal/reflect/GeneratedSerializationConstructorAccessor1'

Classes redefined (4 events):
Event: 181.777 Thread 0x000002062d291020 redefined class name=com.example.kltn.SpringAPILambdaBuy.controller.BrandController, count=1
Event: 181.777 Thread 0x000002062d291020 redefined class name=com.example.kltn.SpringAPILambdaBuy.controller.UserController, count=1
Event: 181.778 Thread 0x000002062d291020 redefined class name=com.example.kltn.SpringAPILambdaBuy.controller.UserController, count=1
Event: 181.778 Thread 0x000002062d291020 redefined class name=com.example.kltn.SpringAPILambdaBuy.controller.BrandController, count=1

Internal exceptions (20 events):
Event: 180.992 Thread 0x0000020637b8df40 Exception <a 'java/lang/ClassNotFoundException'{0x0000000089b597c0}: java/lang/ObjectCustomizer> (0x0000000089b597c0) 
thrown [s\open\src\hotspot\share\classfile\systemDictionary.cpp, line 255]
Event: 180.993 Thread 0x0000020637b8df40 Exception <a 'java/lang/ClassNotFoundException'{0x0000000089b63490}: com/example/kltn/SpringAPILambdaBuy/entities/CartEntityCustomizer> (0x0000000089b63490) 
thrown [s\open\src\hotspot\share\classfile\systemDictionary.cpp, line 255]
Event: 180.996 Thread 0x0000020637b8df40 Exception <a 'java/lang/ClassNotFoundException'{0x0000000089ba11e0}: java/lang/ObjectCustomizer> (0x0000000089ba11e0) 
thrown [s\open\src\hotspot\share\classfile\systemDictionary.cpp, line 255]
Event: 180.997 Thread 0x0000020637b8df40 Exception <a 'java/lang/ClassNotFoundException'{0x0000000089baaf30}: com/example/kltn/SpringAPILambdaBuy/entities/ProductEntityCustomizer> (0x0000000089baaf30) 
thrown [s\open\src\hotspot\share\classfile\systemDictionary.cpp, line 255]
Event: 181.002 Thread 0x0000020637b8df40 Exception <a 'java/lang/ClassNotFoundException'{0x0000000089a5f840}: java/lang/ObjectCustomizer> (0x0000000089a5f840) 
thrown [s\open\src\hotspot\share\classfile\systemDictionary.cpp, line 255]
Event: 181.004 Thread 0x0000020637b8df40 Exception <a 'java/lang/ClassNotFoundException'{0x0000000089a69530}: com/example/kltn/SpringAPILambdaBuy/entities/OrderDetailCustomizer> (0x0000000089a69530) 
thrown [s\open\src\hotspot\share\classfile\systemDictionary.cpp, line 255]
Event: 181.006 Thread 0x0000020637b8df40 Exception <a 'java/lang/ClassNotFoundException'{0x0000000089a85538}: java/lang/ObjectCustomizer> (0x0000000089a85538) 
thrown [s\open\src\hotspot\share\classfile\systemDictionary.cpp, line 255]
Event: 181.007 Thread 0x0000020637b8df40 Exception <a 'java/lang/ClassNotFoundException'{0x0000000089a8f550}: com/example/kltn/SpringAPILambdaBuy/entities/OrderDetailKeyCustomizer> (0x0000000089a8f550) 
thrown [s\open\src\hotspot\share\classfile\systemDictionary.cpp, line 255]
Event: 181.011 Thread 0x0000020637b8df40 Exception <a 'java/lang/ClassNotFoundException'{0x0000000089ac1408}: java/lang/ObjectCustomizer> (0x0000000089ac1408) 
thrown [s\open\src\hotspot\share\classfile\systemDictionary.cpp, line 255]
Event: 181.012 Thread 0x0000020637b8df40 Exception <a 'java/lang/ClassNotFoundException'{0x0000000089acb3a0}: com/example/kltn/SpringAPILambdaBuy/entities/OrderEntityCustomizer> (0x0000000089acb3a0) 
thrown [s\open\src\hotspot\share\classfile\systemDictionary.cpp, line 255]
Event: 181.015 Thread 0x0000020637b8df40 Exception <a 'java/lang/ClassNotFoundException'{0x0000000089916a60}: java/lang/ObjectCustomizer> (0x0000000089916a60) 
thrown [s\open\src\hotspot\share\classfile\systemDictionary.cpp, line 255]
Event: 181.016 Thread 0x0000020637b8df40 Exception <a 'java/lang/ClassNotFoundException'{0x00000000899214f8}: com/example/kltn/SpringAPILambdaBuy/entities/PaymentEntityCustomizer> (0x00000000899214f8) 
thrown [s\open\src\hotspot\share\classfile\systemDictionary.cpp, line 255]
Event: 181.021 Thread 0x0000020637b8df40 Exception <a 'java/lang/ClassNotFoundException'{0x000000008999e168}: java/lang/ObjectCustomizer> (0x000000008999e168) 
thrown [s\open\src\hotspot\share\classfile\systemDictionary.cpp, line 255]
Event: 181.021 Thread 0x0000020637b8df40 Exception <a 'java/lang/ClassNotFoundException'{0x00000000899a7ed8}: com/example/kltn/SpringAPILambdaBuy/entities/CategoryEntityCustomizer> (0x00000000899a7ed8) 
thrown [s\open\src\hotspot\share\classfile\systemDictionary.cpp, line 255]
Event: 181.024 Thread 0x0000020637b8df40 Exception <a 'java/lang/ClassNotFoundException'{0x00000000899d8490}: java/lang/ObjectCustomizer> (0x00000000899d8490) 
thrown [s\open\src\hotspot\share\classfile\systemDictionary.cpp, line 255]
Event: 181.025 Thread 0x0000020637b8df40 Exception <a 'java/lang/ClassNotFoundException'{0x00000000899e2180}: com/example/kltn/SpringAPILambdaBuy/entities/BrandEntityCustomizer> (0x00000000899e2180) 
thrown [s\open\src\hotspot\share\classfile\systemDictionary.cpp, line 255]
Event: 181.027 Thread 0x0000020637b8df40 Exception <a 'java/lang/ClassNotFoundException'{0x0000000089825798}: java/lang/ObjectCustomizer> (0x0000000089825798) 
thrown [s\open\src\hotspot\share\classfile\systemDictionary.cpp, line 255]
Event: 181.028 Thread 0x0000020637b8df40 Exception <a 'java/lang/ClassNotFoundException'{0x000000008982f508}: com/example/kltn/SpringAPILambdaBuy/entities/SupplierEntityCustomizer> (0x000000008982f508) 
thrown [s\open\src\hotspot\share\classfile\systemDictionary.cpp, line 255]
Event: 181.107 Thread 0x0000020637b8df40 Exception <a 'java/lang/ClassNotFoundException'{0x0000000088eecb10}: java/lang/ObjectCustomizer> (0x0000000088eecb10) 
thrown [s\open\src\hotspot\share\classfile\systemDictionary.cpp, line 255]
Event: 181.108 Thread 0x0000020637b8df40 Exception <a 'java/lang/ClassNotFoundException'{0x0000000088ef5e28}: com/example/kltn/SpringAPILambdaBuy/entities/ConfirmationTokenEntityCustomizer> (0x0000000088ef5e28) 
thrown [s\open\src\hotspot\share\classfile\systemDictionary.cpp, line 255]

VM Operations (20 events):
Event: 181.746 Executing VM operation: ChangeSingleStep
Event: 181.746 Executing VM operation: ChangeSingleStep done
Event: 181.747 Executing VM operation: ChangeSingleStep
Event: 181.747 Executing VM operation: ChangeSingleStep done
Event: 181.766 Executing VM operation: RedefineClasses
Event: 181.793 Executing VM operation: RedefineClasses done
Event: 181.805 Executing VM operation: ChangeBreakpoints
Event: 181.807 Executing VM operation: ChangeBreakpoints done
Event: 181.809 Executing VM operation: ChangeBreakpoints
Event: 181.811 Executing VM operation: ChangeBreakpoints done
Event: 181.820 Executing VM operation: ChangeBreakpoints
Event: 181.822 Executing VM operation: ChangeBreakpoints done
Event: 181.823 Executing VM operation: ChangeBreakpoints
Event: 181.824 Executing VM operation: ChangeBreakpoints done
Event: 181.835 Executing VM operation: ChangeBreakpoints
Event: 181.836 Executing VM operation: ChangeBreakpoints done
Event: 181.838 Executing VM operation: ChangeBreakpoints
Event: 181.840 Executing VM operation: ChangeBreakpoints done
Event: 181.843 Executing VM operation: ChangeSingleStep
Event: 181.843 Executing VM operation: ChangeSingleStep done

Events (20 events):
Event: 179.832 Thread 0x0000020637b92c40 Thread exited: 0x0000020637b92c40
Event: 179.832 Thread 0x0000020637b8f280 Thread exited: 0x0000020637b8f280
Event: 179.832 Thread 0x0000020637b8fc20 Thread exited: 0x0000020637b8fc20
Event: 179.832 Thread 0x0000020632268250 Thread exited: 0x0000020632268250
Event: 179.833 Thread 0x0000020632268bf0 Thread exited: 0x0000020632268bf0
Event: 179.833 Thread 0x00000206322690c0 Thread exited: 0x00000206322690c0
Event: 179.846 Thread 0x0000020637b905c0 Thread added: 0x0000020637b905c0
Event: 179.846 Thread 0x0000020632269590 Thread exited: 0x0000020632269590
Event: 179.857 Thread 0x0000020637b905c0 Thread exited: 0x0000020637b905c0
Event: 179.898 Thread 0x0000020637b91900 Thread added: 0x0000020637b91900
Event: 179.899 Thread 0x0000020637b91900 Thread exited: 0x0000020637b91900
Event: 179.899 Thread 0x0000020637b8df40 Thread added: 0x0000020637b8df40
Event: 179.925 Thread 0x0000020635013710 Thread added: 0x0000020635013710
Event: 180.012 Thread 0x0000020637b8f280 Thread added: 0x0000020637b8f280
Event: 180.043 Thread 0x0000020637b8f280 Thread exited: 0x0000020637b8f280
Event: 180.573 Thread 0x0000020637b8f280 Thread added: 0x0000020637b8f280
Event: 180.574 Thread 0x0000020637b8da70 Thread added: 0x0000020637b8da70
Event: 180.574 Thread 0x0000020637b91900 Thread added: 0x0000020637b91900
Event: 180.636 Thread 0x0000020637b905c0 Thread added: 0x0000020637b905c0
Event: 180.752 Thread 0x0000020637b90a90 Thread added: 0x0000020637b90a90


Dynamic libraries:
0x00007ff70c870000 - 0x00007ff70c880000 	C:\Program Files\Java\jdk-18.0.2.1\bin\javaw.exe
0x00007ffdbe4c0000 - 0x00007ffdbe6c9000 	C:\Windows\SYSTEM32\ntdll.dll
0x00007ffdbd720000 - 0x00007ffdbd7dd000 	C:\Windows\System32\KERNEL32.DLL
0x00007ffdbbb00000 - 0x00007ffdbbe7b000 	C:\Windows\System32\KERNELBASE.dll
0x00007ffdbbf30000 - 0x00007ffdbc041000 	C:\Windows\System32\ucrtbase.dll
0x00007ffd7ebb0000 - 0x00007ffd7ebca000 	C:\Program Files\Java\jdk-18.0.2.1\bin\VCRUNTIME140.dll
0x00007ffdb3d80000 - 0x00007ffdb3d98000 	C:\Program Files\Java\jdk-18.0.2.1\bin\jli.dll
0x00007ffdbd9c0000 - 0x00007ffdbda6e000 	C:\Windows\System32\ADVAPI32.dll
0x00007ffdbd630000 - 0x00007ffdbd6d3000 	C:\Windows\System32\msvcrt.dll
0x00007ffdbc340000 - 0x00007ffdbc3de000 	C:\Windows\System32\sechost.dll
0x00007ffdbdbb0000 - 0x00007ffdbdcd0000 	C:\Windows\System32\RPCRT4.dll
0x00007ffdbcde0000 - 0x00007ffdbcf8d000 	C:\Windows\System32\USER32.dll
0x00007ffdbbf00000 - 0x00007ffdbbf26000 	C:\Windows\System32\win32u.dll
0x00007ffdbd120000 - 0x00007ffdbd149000 	C:\Windows\System32\GDI32.dll
0x00007ffdbc160000 - 0x00007ffdbc278000 	C:\Windows\System32\gdi32full.dll
0x00007ffdbc050000 - 0x00007ffdbc0ed000 	C:\Windows\System32\msvcp_win.dll
0x00007ffda4110000 - 0x00007ffda43b5000 	C:\Windows\WinSxS\amd64_microsoft.windows.common-controls_6595b64144ccf1df_6.0.22000.120_none_9d947278b86cc467\COMCTL32.dll
0x00007ffdb2760000 - 0x00007ffdb276a000 	C:\Windows\SYSTEM32\VERSION.dll
0x00007ffdbd6e0000 - 0x00007ffdbd711000 	C:\Windows\System32\IMM32.DLL
0x00007ffd9e640000 - 0x00007ffd9e64c000 	C:\Program Files\Java\jdk-18.0.2.1\bin\vcruntime140_1.dll
0x00007ffd65910000 - 0x00007ffd6599d000 	C:\Program Files\Java\jdk-18.0.2.1\bin\msvcp140.dll
0x00007ffd4f880000 - 0x00007ffd50491000 	C:\Program Files\Java\jdk-18.0.2.1\bin\server\jvm.dll
0x00007ffdbc3e0000 - 0x00007ffdbc3e8000 	C:\Windows\System32\PSAPI.DLL
0x00007ffda7090000 - 0x00007ffda7099000 	C:\Windows\SYSTEM32\WSOCK32.dll
0x00007ffdb2e30000 - 0x00007ffdb2e63000 	C:\Windows\SYSTEM32\WINMM.dll
0x00007ffdbd8c0000 - 0x00007ffdbd92f000 	C:\Windows\System32\WS2_32.dll
0x00007ffdbaad0000 - 0x00007ffdbaae8000 	C:\Windows\SYSTEM32\kernel.appcore.dll
0x00007ffdb5720000 - 0x00007ffdb572a000 	C:\Program Files\Java\jdk-18.0.2.1\bin\jimage.dll
0x00007ffdb8f70000 - 0x00007ffdb9191000 	C:\Windows\SYSTEM32\DBGHELP.DLL
0x00007ffda2680000 - 0x00007ffda26b1000 	C:\Windows\SYSTEM32\dbgcore.DLL
0x00007ffdbbe80000 - 0x00007ffdbbeff000 	C:\Windows\System32\bcryptPrimitives.dll
0x00007ffd648b0000 - 0x00007ffd648eb000 	C:\Program Files\Java\jdk-18.0.2.1\bin\jdwp.dll
0x00007ffda6d40000 - 0x00007ffda6d4e000 	C:\Program Files\Java\jdk-18.0.2.1\bin\instrument.dll
0x00007ffdb39b0000 - 0x00007ffdb39d5000 	C:\Program Files\Java\jdk-18.0.2.1\bin\java.dll
0x00007ffd7c8c0000 - 0x00007ffd7c996000 	C:\Program Files\Java\jdk-18.0.2.1\bin\jsvml.dll
0x00007ffdbc460000 - 0x00007ffdbcc18000 	C:\Windows\System32\SHELL32.dll
0x00007ffdb9a50000 - 0x00007ffdba2b5000 	C:\Windows\SYSTEM32\windows.storage.dll
0x00007ffdbd240000 - 0x00007ffdbd5b7000 	C:\Windows\System32\combase.dll
0x00007ffdb98e0000 - 0x00007ffdb9a46000 	C:\Windows\SYSTEM32\wintypes.dll
0x00007ffdbcf90000 - 0x00007ffdbd07a000 	C:\Windows\System32\SHCORE.dll
0x00007ffdbd080000 - 0x00007ffdbd0dd000 	C:\Windows\System32\shlwapi.dll
0x00007ffdbb8c0000 - 0x00007ffdbb8e1000 	C:\Windows\SYSTEM32\profapi.dll
0x00007ffda1be0000 - 0x00007ffda1bec000 	C:\Program Files\Java\jdk-18.0.2.1\bin\dt_socket.dll
0x00007ffdba600000 - 0x00007ffdba62d000 	C:\Windows\SYSTEM32\IPHLPAPI.DLL
0x00007ffdbafa0000 - 0x00007ffdbb007000 	C:\Windows\system32\mswsock.dll
0x00007ffdba630000 - 0x00007ffdba718000 	C:\Windows\SYSTEM32\DNSAPI.dll
0x00007ffdbd0e0000 - 0x00007ffdbd0e9000 	C:\Windows\System32\NSI.dll
0x00007ffdb2480000 - 0x00007ffdb248a000 	C:\Windows\System32\rasadhlp.dll
0x00007ffdb28b0000 - 0x00007ffdb2931000 	C:\Windows\System32\fwpuclnt.dll
0x00007ffda6d50000 - 0x00007ffda6d68000 	C:\Program Files\Java\jdk-18.0.2.1\bin\zip.dll
0x00007ffdb2570000 - 0x00007ffdb2583000 	C:\Program Files\Java\jdk-18.0.2.1\bin\net.dll
0x00007ffdb45c0000 - 0x00007ffdb46cc000 	C:\Windows\SYSTEM32\WINHTTP.dll
0x00007ffda6d80000 - 0x00007ffda6d96000 	C:\Program Files\Java\jdk-18.0.2.1\bin\nio.dll
0x00007ffdb39a0000 - 0x00007ffdb39b0000 	C:\Program Files\Java\jdk-18.0.2.1\bin\verify.dll
0x00007ffda18a0000 - 0x00007ffda18a9000 	C:\Program Files\Java\jdk-18.0.2.1\bin\management.dll
0x00007ffda1890000 - 0x00007ffda189b000 	C:\Program Files\Java\jdk-18.0.2.1\bin\management_ext.dll
0x00007ffd98070000 - 0x00007ffd98087000 	C:\Windows\system32\napinsp.dll
0x00007ffd98040000 - 0x00007ffd9805b000 	C:\Windows\system32\pnrpnsp.dll
0x00007ffd97ec0000 - 0x00007ffd97ed2000 	C:\Windows\System32\winrnr.dll
0x00007ffdb2c60000 - 0x00007ffdb2c75000 	C:\Windows\system32\wshbth.dll
0x00007ffd8f730000 - 0x00007ffd8f74f000 	C:\Windows\system32\nlansp_c.dll
0x00007ffdbb1e0000 - 0x00007ffdbb1f8000 	C:\Windows\SYSTEM32\CRYPTSP.dll
0x00007ffdbaa30000 - 0x00007ffdbaa65000 	C:\Windows\system32\rsaenh.dll
0x00007ffdbb090000 - 0x00007ffdbb0b9000 	C:\Windows\SYSTEM32\USERENV.dll
0x00007ffdbb370000 - 0x00007ffdbb397000 	C:\Windows\SYSTEM32\bcrypt.dll
0x00007ffdbb200000 - 0x00007ffdbb20c000 	C:\Windows\SYSTEM32\CRYPTBASE.dll
0x00007ffdb3a20000 - 0x00007ffdb3a39000 	C:\Windows\SYSTEM32\dhcpcsvc6.DLL
0x00007ffdb3b50000 - 0x00007ffdb3b6e000 	C:\Windows\SYSTEM32\dhcpcsvc.DLL
0x00007ffdb2a80000 - 0x00007ffdb2a8e000 	C:\Program Files\Java\jdk-18.0.2.1\bin\sunmscapi.dll
0x00007ffdbb990000 - 0x00007ffdbbaf2000 	C:\Windows\System32\CRYPT32.dll
0x00007ffdbb340000 - 0x00007ffdbb368000 	C:\Windows\SYSTEM32\ncrypt.dll
0x00007ffdbb300000 - 0x00007ffdbb337000 	C:\Windows\SYSTEM32\NTASN1.dll

dbghelp: loaded successfully - version: 4.0.5 - missing functions: none
symbol engine: initialized successfully - sym options: 0x614 - pdb path: .;C:\Program Files\Java\jdk-18.0.2.1\bin;C:\Windows\SYSTEM32;C:\Windows\WinSxS\amd64_microsoft.windows.common-controls_6595b64144ccf1df_6.0.22000.120_none_9d947278b86cc467;C:\Program Files\Java\jdk-18.0.2.1\bin\server

VM Arguments:
jvm_args: -XX:+ShowCodeDetailsInExceptionMessages -agentlib:jdwp=transport=dt_socket,suspend=y,address=localhost:56997 -javaagent:C:\Users\Admin\eclipse\jee-2022-09\eclipse\configuration\org.eclipse.osgi\421\0\.cp\lib\javaagent-shaded.jar -Dfile.encoding=UTF-8 
java_command: com.example.kltn.SpringAPILambdaBuy.SpringApiLambdaBuyApplication
java_class_path (initial): D:\Industrial_University\HocKyI(2021-2022)\KhoaLuan\Project\JavaEE\SpringAPILambdaBuy\target\classes;C:\Users\Admin\.m2\repository\org\springframework\boot\spring-boot-starter-web\2.7.4\spring-boot-starter-web-2.7.4.jar;C:\Users\Admin\.m2\repository\org\springframework\boot\spring-boot-starter\2.7.4\spring-boot-starter-2.7.4.jar;C:\Users\Admin\.m2\repository\org\springframework\boot\spring-boot-starter-logging\2.7.4\spring-boot-starter-logging-2.7.4.jar;C:\Users\Admin\.m2\repository\ch\qos\logback\logback-classic\1.2.11\logback-classic-1.2.11.jar;C:\Users\Admin\.m2\repository\ch\qos\logback\logback-core\1.2.11\logback-core-1.2.11.jar;C:\Users\Admin\.m2\repository\org\apache\logging\log4j\log4j-to-slf4j\2.17.2\log4j-to-slf4j-2.17.2.jar;C:\Users\Admin\.m2\repository\org\apache\logging\log4j\log4j-api\2.17.2\log4j-api-2.17.2.jar;C:\Users\Admin\.m2\repository\org\slf4j\jul-to-slf4j\1.7.36\jul-to-slf4j-1.7.36.jar;C:\Users\Admin\.m2\repository\jakarta\annotation\jakarta.annotation-api\1.3.5\jakarta.annotation-api-1.3.5.jar;C:\Users\Admin\.m2\repository\org\yaml\snakeyaml\1.30\snakeyaml-1.30.jar;C:\Users\Admin\.m2\repository\org\springframework\boot\spring-boot-starter-json\2.7.4\spring-boot-starter-json-2.7.4.jar;C:\Users\Admin\.m2\repository\com\fasterxml\jackson\datatype\jackson-datatype-jdk8\2.13.4\jackson-datatype-jdk8-2.13.4.jar;C:\Users\Admin\.m2\repository\com\fasterxml\jackson\datatype\jackson-datatype-jsr310\2.13.4\jackson-datatype-jsr310-2.13.4.jar;C:\Users\Admin\.m2\repository\com\fasterxml\jackson\module\jackson-module-parameter-names\2.13.4\jackson-module-parameter-names-2.13.4.jar;C:\Users\Admin\.m2\repository\org\springframework\boot\spring-boot-starter-tomcat\2.7.4\spring-boot-starter-tomcat-2.7.4.jar;C:\Users\Admin\.m2\repository\org\apache\tomcat\embed\tomcat-embed-core\9.0.65\tomcat-embed-core-9.0.65.jar;C:\Users\Admin\.m2\repository\org\apache\tomcat\embed\tomcat-embed-websocket\9.0.65\tomcat-embed-websocket-9.0.65.jar;C:\Users\Admin\.m2\repository\org\springframework\spring-web\5.3.23\spring-web-5.3.23.jar;C:\Users\Admin\.m2\repository\org\springframework\spring-beans\5.3.23\spring-beans-5.3.23.jar;C:\Users\Admin\.m2\repository\org\springframework\spring-webmvc\5.3.23\spring-webmvc-5.3.23.jar;C:\Users\Admin\.m2\repository\org\springframework\spring-context\5.3.23\spring-context-5.3.23.jar;C:\Users\Admin\.m2\repository\org\springframework\spring-expression\5.3.23\spring-expression-5.3.23.jar;C:\Users\Admin\.m2\repository\org\springframework\boot\spring-boot-starter-data-jpa\2.7.4\spring-boot-starter-data-jpa-2.7.4.jar;C:\Users\Admin\.m2\repository\org\springframework\boot\spring-boot-starter-aop\2.7.4\spring-boot-starter-aop-2.7.4.jar;C:\Users\Admin\.m2\repository\org\aspectj\aspectjweaver\1.9.7\aspectjweaver-1.9.7.jar;C:\Users\Admin\.m2\repository\org\springframework\boot\spring-boot-starter-jdbc\2.7.4\spring-boot-starter-jdbc-2.7.4.jar;C:\Users\Admin\.m2\repository\com\zaxxer\HikariCP\4.0.3\HikariCP-4.0.3.jar;C:\Users\Admin\.m2\repository\org\springframework\spring-jdbc\5.3.23\spring-jdbc-5.3.23.jar;C:\Users\Admin\.m2\repository\jakarta\transaction\jakarta.transaction-api\1.3.3\jakarta.transaction-api-1.3.3.jar;C:\Users\Admin\.m2\repository\jakarta\persistence\jakarta.persistence-api\2.2.3\jakarta.persistence-api-2.2.3.jar;C:\Users\Admin\.m2\repository\org\hibernate\hibernate-core\5.6.11.Final\hibernate-core-5.6.11.Final.jar;C:\Users\Admin\.m2\repository\org\jboss\logging\jboss-logging\3.4.3.Final\jboss-logging-3.4.3.Final.jar;C:\Users\Admin\.m2\repository\net\bytebuddy\byte-buddy\1.12.17\byte-buddy-1.12.17.jar;C:\Users\Admin\.m2\repository\antlr\antlr\2.7.7\antlr-2.7.7.jar;C:\Users\Admin\.m2\repository\org\jboss\jandex\2.4.2.Final\jandex-2.4.2.Final.jar;C:\Users\Admin\.m2\repository\com\fasterxml\classmate\1.5.1\classmate-1.5.1.jar;C:\Users\Admin\.m2\repository\org\hibernate\common\hibernate-commons-annotations\5.1.2.Final\hibernate-commons-annotations-5.1.2.Final.jar;C:\Users\Admin\.m2\repository\org\glassfish\jaxb\jaxb-runtime\2.3.6\jaxb-runtime-2.3.6.jar;C:\Users\Admin\.m2\repository\org\glassfish\jaxb\txw2\2.3.6\txw2-2.3.6.jar;C:\Users\Admin\.m2\repository\com\sun\istack\istack-commons-runtime\3.0.12\istack-commons-runtime-3.0.12.jar;C:\Users\Admin\.m2\repository\org\springframework\data\spring-data-jpa\2.7.3\spring-data-jpa-2.7.3.jar;C:\Users\Admin\.m2\repository\org\springframework\data\spring-data-commons\2.7.3\spring-data-commons-2.7.3.jar;C:\Users\Admin\.m2\repository\org\springframework\spring-orm\5.3.23\spring-orm-5.3.23.jar;C:\Users\Admin\.m2\repository\org\springframework\spring-tx\5.3.23\spring-tx-5.3.23.jar;C:\Users\Admin\.m2\repository\org\springframework\spring-aspects\5.3.23\spring-aspects-5.3.23.jar;C:\Users\Admin\.m2\repository\org\springframework\boot\spring-boot-devtools\2.7.4\spring-boot-devtools-2.7.4.jar;C:\Users\Admin\.m2\repository\org\springframework\boot\spring-boot\2.7.4\spring-boot-2.7.4.jar;C:\Users\Admin\.m2\repository\org\springframework\boot\spring-boot-autoconfigure\2.7.4\spring-boot-autoconfigure-2.7.4.jar;C:\Users\Admin\.m2\repository\mysql\mysql-connector-java\8.0.30\mysql-connector-java-8.0.30.jar;C:\Users\Admin\.m2\repository\jakarta\xml\bind\jakarta.xml.bind-api\2.3.3\jakarta.xml.bind-api-2.3.3.jar;C:\Users\Admin\.m2\repository\jakarta\activation\jakarta.activation-api\1.2.2\jakarta.activation-api-1.2.2.jar;C:\Users\Admin\.m2\repository\org\springframework\spring-core\5.3.23\spring-core-5.3.23.jar;C:\Users\Admin\.m2\repository\org\springframework\spring-jcl\5.3.23\spring-jcl-5.3.23.jar;C:\Users\Admin\.m2\repository\org\springframework\security\spring-security-core\5.7.3\spring-security-core-5.7.3.jar;C:\Users\Admin\.m2\repository\org\springframework\security\spring-security-web\5.7.3\spring-security-web-5.7.3.jar;C:\Users\Admin\.m2\repository\org\springframework\boot\spring-boot-starter-security\2.7.4\spring-boot-starter-security-2.7.4.jar;C:\Users\Admin\.m2\repository\org\springframework\spring-aop\5.3.23\spring-aop-5.3.23.jar;C:\Users\Admin\.m2\repository\org\springframework\security\spring-security-config\5.7.3\spring-security-config-5.7.3.jar;C:\Users\Admin\.m2\repository\org\springframework\boot\spring-boot-starter-validation\2.7.4\spring-boot-starter-validation-2.7.4.jar;C:\Users\Admin\.m2\repository\org\apache\tomcat\embed\tomcat-embed-el\9.0.65\tomcat-embed-el-9.0.65.jar;C:\Users\Admin\.m2\repository\org\hibernate\validator\hibernate-validator\6.2.5.Final\hibernate-validator-6.2.5.Final.jar;C:\Users\Admin\.m2\repository\jakarta\validation\jakarta.validation-api\2.0.2\jakarta.validation-api-2.0.2.jar;C:\Users\Admin\.m2\repository\org\thymeleaf\extras\thymeleaf-extras-springsecurity5\3.0.4.RELEASE\thymeleaf-extras-springsecurity5-3.0.4.RELEASE.jar;C:\Users\Admin\.m2\repository\org\slf4j\slf4j-api\1.7.36\slf4j-api-1.7.36.jar;C:\Users\Admin\.m2\repository\com\auth0\java-jwt\3.19.2\java-jwt-3.19.2.jar;C:\Users\Admin\.m2\repository\com\fasterxml\jackson\core\jackson-databind\2.13.4\jackson-databind-2.13.4.jar;C:\Users\Admin\.m2\repository\com\fasterxml\jackson\core\jackson-annotations\2.13.4\jackson-annotations-2.13.4.jar;C:\Users\Admin\.m2\repository\com\fasterxml\jackson\core\jackson-core\2.13.4\jackson-core-2.13.4.jar;C:\Users\Admin\.m2\repository\org\mindrot\jbcrypt\0.4\jbcrypt-0.4.jar;C:\Users\Admin\.m2\repository\org\springframework\boot\spring-boot-starter-mail\2.7.4\spring-boot-starter-mail-2.7.4.jar;C:\Users\Admin\.m2\repository\org\springframework\spring-context-support\5.3.23\spring-context-support-5.3.23.jar;C:\Users\Admin\.m2\repository\com\sun\mail\jakarta.mail\1.6.7\jakarta.mail-1.6.7.jar;C:\Users\Admin\.m2\repository\com\sun\activation\jakarta.activation\1.2.2\jakarta.activation-1.2.2.jar;C:\Users\Admin\.m2\repository\org\springframework\security\spring-security-crypto\5.6.2\spring-security-crypto-5.6.2.jar;C:\Users\Admin\.m2\repository\commons-logging\commons-logging\1.2\commons-logging-1.2.jar;C:\Users\Admin\.m2\repository\org\bouncycastle\bcpkix-jdk15on\1.70\bcpkix-jdk15on-1.70.jar;C:\Users\Admin\.m2\repository\org\bouncycastle\bcprov-jdk15on\1.70\bcprov-jdk15on-1.70.jar;C:\Users\Admin\.m2\repository\org\bouncycastle\bcutil-jdk15on\1.70\bcutil-jdk15on-1.70.jar;C:\Users\Admin\.m2\repository\org\springdoc\springdoc-openapi-ui\1.6.4\springdoc-openapi-ui-1.6.4.jar;C:\Users\Admin\.m2\repository\org\springdoc\springdoc-openapi-webmvc-core\1.6.4\springdoc-openapi-webmvc-core-1.6.4.jar;C:\Users\Admin\.m2\repository\org\springdoc\springdoc-openapi-common\1.6.4\springdoc-openapi-common-1.6.4.jar;C:\Users\Admin\.m2\repository\io\swagger\core\v3\swagger-core\2.1.12\swagger-core-2.1.12.jar;C:\Users\Admin\.m2\repository\org\apache\commons\commons-lang3\3.12.0\commons-lang3-3.12.0.jar;C:\Users\Admin\.m2\repository\com\fasterxml\jackson\dataformat\jackson-dataformat-yaml\2.13.4\jackson-dataformat-yaml-2.13.4.jar;C:\Users\Admin\.m2\repository\io\swagger\core\v3\swagger-annotations\2.1.12\swagger-annotations-2.1.12.jar;C:\Users\Admin\.m2\repository\io\swagger\core\v3\swagger-models\2.1.12\swagger-models-2.1.12.jar;C:\Users\Admin\.m2\repository\org\webjars\swagger-ui\4.1.3\swagger-ui-4.1.3.jar;C:\Users\Admin\.m2\repository\org\webjars\webjars-locator-core\0.50\webjars-locator-core-0.50.jar;C:\Users\Admin\.m2\repository\io\github\classgraph\classgraph\4.8.138\classgraph-4.8.138.jar
Launcher Type: SUN_STANDARD

[Global flags]
     intx CICompilerCount                          = 4                                         {product} {ergonomic}
     uint ConcGCThreads                            = 2                                         {product} {ergonomic}
     uint G1ConcRefinementThreads                  = 8                                         {product} {ergonomic}
   size_t G1HeapRegionSize                         = 1048576                                   {product} {ergonomic}
    uintx GCDrainStackTargetSize                   = 64                                        {product} {ergonomic}
   size_t InitialHeapSize                          = 132120576                                 {product} {ergonomic}
   size_t MarkStackSize                            = 4194304                                   {product} {ergonomic}
   size_t MaxHeapSize                              = 2090860544                                {product} {ergonomic}
   size_t MaxNewSize                               = 1254096896                                {product} {ergonomic}
   size_t MinHeapDeltaBytes                        = 1048576                                   {product} {ergonomic}
   size_t MinHeapSize                              = 8388608                                   {product} {ergonomic}
    uintx NonNMethodCodeHeapSize                   = 5839372                                {pd product} {ergonomic}
    uintx NonProfiledCodeHeapSize                  = 122909434                              {pd product} {ergonomic}
    uintx ProfiledCodeHeapSize                     = 122909434                              {pd product} {ergonomic}
    uintx ReservedCodeCacheSize                    = 251658240                              {pd product} {ergonomic}
     bool SegmentedCodeCache                       = true                                      {product} {ergonomic}
     bool ShowCodeDetailsInExceptionMessages       = true                                   {manageable} {command line}
   size_t SoftMaxHeapSize                          = 2090860544                             {manageable} {ergonomic}
     bool UseCompressedClassPointers               = true                           {product lp64_product} {ergonomic}
     bool UseCompressedOops                        = true                           {product lp64_product} {ergonomic}
     bool UseG1GC                                  = true                                      {product} {ergonomic}
     bool UseLargePagesIndividualAllocation        = false                                  {pd product} {ergonomic}

Logging:
Log output configuration:
 #0: stdout all=warning uptime,level,tags foldmultilines=false
 #1: stderr all=off uptime,level,tags foldmultilines=false

Environment Variables:
PATH=C:/Program Files/Java/jdk-18.0.2.1/bin/server;C:/Program Files/Java/jdk-18.0.2.1/bin;C:\Program Files\Common Files\Oracle\Java\javapath;C:\Windows\system32;C:\Windows;C:\Windows\System32\Wbem;C:\Windows\System32\WindowsPowerShell\v1.0\;C:\Windows\System32\OpenSSH\;C:\Program Files\Git\cmd;C:\Program Files\Microsoft SQL Server\Client SDK\ODBC\170\Tools\Binn\;C:\Program Files (x86)\Microsoft SQL Server\150\Tools\Binn\;C:\Program Files\Microsoft SQL Server\150\Tools\Binn\;C:\Program Files\Microsoft SQL Server\150\DTS\Binn\;C:\Program Files (x86)\Microsoft SQL Server\150\DTS\Binn\;C:\Program Files\Azure Data Studio\bin;C:\Program Files\dotnet\;C:\apache-maven-3.8.5\bin;;C:\Program Files\Docker\Docker\resources\bin;C:\ProgramData\DockerDesktop\version-bin;C:\Program Files\Cloudflare\Cloudflare WARP\;C:\Program Files\nodejs\;C:\Users\Admin\AppData\Local\Microsoft\WindowsApps;C:\Users\Admin\AppData\Local\Programs\Microsoft VS Code\bin;C:\Program Files\Azure Data Studio\bin;C:\Users\Admin\.dotnet\tools;C:\Users\Admin\AppData\Roaming\npm;C:\Windows\system32;
USERNAME=Admin
OS=Windows_NT
PROCESSOR_IDENTIFIER=Intel64 Family 6 Model 140 Stepping 1, GenuineIntel



---------------  S Y S T E M  ---------------

OS:
 Windows 11 , 64 bit Build 22000 (10.0.22000.708)
OS uptime: 3 days 1:58 hours
Hyper-V role detected

CPU: total 8 (initial active 8) (4 cores per cpu, 2 threads per core) family 6 model 140 stepping 1 microcode 0x8a, cx8, cmov, fxsr, ht, mmx, 3dnowpref, sse, sse2, sse3, ssse3, sse4.1, sse4.2, popcnt, lzcnt, tsc, tscinvbit, avx, avx2, aes, erms, clmul, bmi1, bmi2, adx, avx512f, avx512dq, avx512cd, avx512bw, avx512vl, sha, fma, vzeroupper, avx512_vpopcntdq, avx512_vpclmulqdq, avx512_vaes, avx512_vnni, clflush, clflushopt, clwb, avx512_vbmi2, avx512_vbmi, hv

Memory: 4k page, system-wide physical 7971M (793M free)
TotalPageFile size 23843M (AvailPageFile size 6788M)
current process WorkingSet (physical memory assigned to process): 378M, peak: 413M
current process commit charge ("private bytes"): 418M, peak: 450M

vm_info: Java HotSpot(TM) 64-Bit Server VM (18.0.2.1+1-1) for windows-amd64 JRE (18.0.2.1+1-1), built on Aug 16 2022 01:46:33 by "mach5one" with MS VC++ 16.8 / 16.9 (VS2019)

END.
